<application>
  <component name="JUnitGeneratorAppSettings">
    <option name="outputFilePattern" value="${SOURCEPATH}/../../test/java/${PACKAGE}/test/${FILENAME}" />
  </component>
</application>